/*
	Generated by the Particle Editor.
	To use the particle editor, launch the game and type 'editParticles' on the console.
*/
particle flies3 {
	{
		count				4
		material			textures/decals/fly
		time				5.400
		cycles				0.000
		timeOffset			100.000
		bunching			0.500
		distribution		rect 16.000 16.000 16.000 
		direction			cone "0.000" 
		orientation			view 
		customPath flies 5.000 7.000 22.000 
		speed				 "0.000" 
		size				 "0.500" 
		aspect				 "1.000" 
		randomDistribution				1
		boundsExpansion				0.000
		fadeIn				0.100
		fadeOut				0.250
		fadeIndex				0.000
		color 				1.000 1.000 1.000 1.000
		fadeColor 			0.000 0.000 0.000 0.000
		offset 				0.000 0.000 0.000
		gravity 			world -1.000
	}
	{
		count				2
		material			textures/decals/fly
		time				4.050
		cycles				0.000
		timeOffset			200.000
		bunching			0.500
		distribution		rect 16.000 16.000 16.000 
		direction			cone "0.000" 
		orientation			view 
		customPath flies 5.000 7.000 22.000 
		speed				 "0.000" 
		size				 "0.500" 
		aspect				 "1.000" 
		randomDistribution				1
		boundsExpansion				0.000
		fadeIn				0.100
		fadeOut				0.250
		fadeIndex				0.000
		color 				1.000 1.000 1.000 1.000
		fadeColor 			0.000 0.000 0.000 0.000
		offset 				0.000 0.000 0.000
		gravity 			world -1.000
	}
	{
		count				3
		material			textures/decals/fly
		time				2.300
		cycles				0.000
		timeOffset			500.000
		bunching			0.500
		distribution		rect 16.000 16.000 16.000 
		direction			cone "0.000" 
		orientation			view 
		customPath flies 5.000 7.000 16.000 
		speed				 "0.000" 
		size				 "0.500" 
		aspect				 "1.000" 
		randomDistribution				1
		boundsExpansion				0.000
		fadeIn				0.100
		fadeOut				0.250
		fadeIndex				0.000
		color 				1.000 1.000 1.000 1.000
		fadeColor 			0.000 0.000 0.000 0.000
		offset 				0.000 0.000 0.000
		gravity 			world -1.000
	}
	{
		count				2
		material			textures/decals/fly
		time				7.000
		cycles				0.000
		timeOffset			700.000
		bunching			0.500
		distribution		rect 16.000 16.000 16.000 
		direction			cone "0.000" 
		orientation			view 
		customPath flies 1.000 6.000 50.000 
		speed				 "0.000" 
		size				 "0.500" 
		aspect				 "1.000" 
		randomDistribution				1
		boundsExpansion				0.000
		fadeIn				0.100
		fadeOut				0.250
		fadeIndex				0.000
		color 				1.000 1.000 1.000 1.000
		fadeColor 			0.000 0.000 0.000 0.000
		offset 				0.000 0.000 0.000
		gravity 			world -1.000
	}
}

/*
	Generated by the Particle Editor.
	To use the particle editor, launch the game and type 'editParticles' on the console.
*/
particle roach {
	{
		count				50
		material			textures/decals/roach3
		time				1000.000
		cycles				0.000
		timeOffset			1200.000
		bunching			0.500
		distribution		rect 0.000 0.000 0.000 
		direction			cone "0.000" 
		orientation			view 
		customPath helix 0.500 0.500 0.500 0.000 0.000 
		speed				 "0.000" 
		size				 "0.400" 
		aspect				 "2.000"  to "1.000"
		rotation				 "1.000"  to "2.000"
		randomDistribution				1
		boundsExpansion				0.000
		fadeIn				0.100
		fadeOut				0.250
		fadeIndex				0.000
		color 				1.000 1.000 1.000 1.000
		fadeColor 			0.000 0.000 0.000 0.000
		offset 				0.000 0.000 0.000
		gravity 			world 0.000
	}
	{
		count				70
		material			textures/decals/roach2
		time				390.000
		cycles				0.000
		timeOffset			1250.000
		bunching			0.500
		distribution		rect 0.000 0.000 0.000 
		direction			cone "0.000" 
		orientation			view 
		customPath helix 0.600 0.100 0.500 1.000 0.000 
		speed				 "0.000" 
		size				 "0.400" 
		aspect				 "2.000"  to "1.000"
		randomDistribution				1
		boundsExpansion				0.000
		fadeIn				0.100
		fadeOut				0.250
		fadeIndex				0.000
		color 				1.000 1.000 1.000 1.000
		fadeColor 			0.000 0.000 0.000 0.000
		offset 				0.000 0.000 0.000
		gravity 			world 0.000
	}
}

/*
	Generated by the Particle Editor.
	To use the particle editor, launch the game and type 'editParticles' on the console.
*/
particle blood {
	depthHack	0.001
	{
		count				2
		material			textures/decals/blood_drop4
		time				5.000
		cycles				0.000
		deadTime			-2.000
		bunching			0.600
		distribution		sphere 0.000 0.000 0.000 
		direction			cone "0.000" 
		orientation			view 
		customPath flies 0.000 0.000 0.000 
		speed				 "0.000" 
		size				 "0.700" 
		aspect				 "1.000" 
		randomDistribution				1
		boundsExpansion				0.000
		fadeIn				0.100
		fadeOut				0.100
		fadeIndex				0.000
		color 				1.000 1.000 1.000 1.000
		fadeColor 			0.000 0.000 0.000 1.000
		offset 				0.000 0.000 0.000
		gravity 			world 150.000
	}
}

/*
	Generated by the Particle Editor.
	To use the particle editor, launch the game and type 'editParticles' on the console.
*/
particle blood2 {
	depthHack	0.001
	{
		count				1
		material			textures/decals/blood_drop4
		time				1.800
		cycles				0.000
		deadTime			-1.000
		bunching			0.600
		distribution		sphere 0.000 0.000 0.000 
		direction			cone "0.000" 
		orientation			view 
		customPath flies 0.000 0.000 0.000 
		speed				 "0.000" 
		size				 "0.500" 
		aspect				 "1.000" 
		randomDistribution				1
		boundsExpansion				0.000
		fadeIn				0.100
		fadeOut				0.100
		fadeIndex				0.000
		color 				1.000 1.000 1.000 1.000
		fadeColor 			0.000 0.000 0.000 1.000
		offset 				0.000 0.000 0.000
		gravity 			world 150.000
	}
}